
[INFO] 2019-09-09 04:04:29am Success
[ERROR] 2019-09-09 07:49:09pm You have an error in your SQL syntax; check the manual that corresponds to your MySQL server version for the right syntax to use near 's property which my brothers are keeping me out of?','09204908075502696121','639' at line 2
[INFO] 2019-09-09 08:02:10pm Success
[INFO] 2019-09-10 11:56:05am Success
[INFO] 2019-09-10 12:03:57pm Success
[INFO] 2019-09-10 12:41:22pm Success
[INFO] 2019-09-10 12:52:11pm Success
[INFO] 2019-09-10 12:59:29pm Success
[INFO] 2019-09-10 01:00:36pm Success
[INFO] 2019-09-10 01:04:52pm Success
[INFO] 2019-09-10 01:33:55pm Success
[ERROR] 2019-09-10 01:36:03pm Data too long for column 'content' at row 1
[INFO] 2019-09-11 11:25:57am Success
[INFO] 2019-09-11 11:38:20am Success
[INFO] 2019-09-11 11:52:05am Success
[INFO] 2019-09-11 07:33:22pm Success
[INFO] 2019-09-12 06:08:25pm Success
[ERROR] 2019-09-12 06:09:52pm You have an error in your SQL syntax; check the manual that corresponds to your MySQL server version for the right syntax to use near 't think God can find you a husband"?','12190951075601130927','63902')' at line 2
[INFO] 2019-09-13 02:21:07pm Success
[INFO] 2019-09-13 03:01:33pm Success
[ERROR] 2019-09-13 07:43:16pm You have an error in your SQL syntax; check the manual that corresponds to your MySQL server version for the right syntax to use near 'm 58yrs old lady. My husband died two years ago. He had property in his name and' at line 2
[INFO] 2019-09-13 07:46:05pm Success
[INFO] 2019-09-13 07:46:56pm Success
[ERROR] 2019-09-13 08:20:08pm You have an error in your SQL syntax; check the manual that corresponds to your MySQL server version for the right syntax to use near 'm 58yrs old lady. My husband died two years ago. He had property in his name and' at line 2
[INFO] 2019-09-13 08:24:38pm Success
[INFO] 2019-09-13 08:28:59pm Success
[INFO] 2019-09-13 08:30:36pm Success
[INFO] 2019-09-13 08:32:11pm Success
[INFO] 2019-09-13 08:32:35pm Success
[INFO] 2019-09-13 08:34:52pm Success
[INFO] 2019-09-13 08:36:32pm Success
[INFO] 2019-09-13 08:38:41pm Success
[INFO] 2019-09-13 09:15:55pm Success
[ERROR] 2019-09-13 09:49:16pm You have an error in your SQL syntax; check the manual that corresponds to your MySQL server version for the right syntax to use near 'm arrested?','13224916075504643321','63902')' at line 2
[INFO] 2019-09-14 08:44:06am Success
[INFO] 2019-09-14 02:18:19pm Success
[INFO] 2019-09-14 02:18:55pm Success
[ERROR] 2019-09-14 02:33:51pm You have an error in your SQL syntax; check the manual that corresponds to your MySQL server version for the right syntax to use near 'm "here#','14153350075801379924','63902')' at line 2
[INFO] 2019-09-15 07:04:06pm Success Message from +254727417454
[ERROR] 2019-09-15 09:08:53pm Message from +254722471834 Data too long for column 'content' at row 1
[INFO] 2019-09-16 09:15:39am Success Message from +254703846322
[INFO] 2019-09-16 09:28:56am Success Message from +254718796600
[INFO] 2019-09-16 11:31:38am Success Message from +254713193679
[INFO] 2019-09-16 11:33:46am Success Message from +254729479941
[INFO] 2019-09-16 02:28:29pm Success Message from +254713193679
[INFO] 2019-09-16 05:07:16pm Success Message from +254722867169
[INFO] 2019-09-16 09:56:24pm Success Message from +254722471834
[INFO] 2019-09-17 09:00:33am Success Message from +254721622941
[INFO] 2019-09-17 11:13:29am Success Message from +254728401100
[INFO] 2019-09-17 12:58:22pm Success Message from +254725503502
[INFO] 2019-09-17 12:58:26pm Success Message from +254725503502
[INFO] 2019-09-17 01:58:02pm Success Message from +254702573582
[INFO] 2019-09-18 12:43:19pm Success Message from +254726898595
[INFO] 2019-09-18 03:42:34pm Success Message from +254729479941
[INFO] 2019-09-18 07:46:11pm Success Message from +254720104089
[INFO] 2019-09-20 10:06:06am Success Message from +254703846322
[INFO] 2019-09-20 10:13:44am Success Message from +254702573582
[INFO] 2019-09-20 10:57:48am Success Message from +254712467378
[INFO] 2019-09-21 02:48:12pm Success Message from +254729479941
[INFO] 2019-09-21 02:50:24pm Success Message from +254729479941
[INFO] 2019-09-21 02:51:58pm Success Message from +254718796600
[INFO] 2019-09-22 10:48:25am Success Message from +254727417454
[INFO] 2019-09-23 04:38:57pm Success Message from +254705066730
[INFO] 2019-09-24 10:16:38am Success Message from +254727417454
[INFO] 2019-09-24 01:37:20pm Success Message from +254728401100
[INFO] 2019-09-24 04:14:10pm Success Message from +254713209487
[INFO] 2019-09-24 04:16:40pm Success Message from +254718796600
[INFO] 2019-09-24 05:06:38pm Success Message from +254718796600
[INFO] 2019-09-24 05:41:17pm Success Message from +254713209487
[INFO] 2019-09-30 11:09:32am Success Message from +254717379014
[INFO] 2019-09-30 01:30:09pm Success Message from +254722204003
[INFO] 2019-09-30 04:08:16pm Success Message from +254722409103
[INFO] 2019-09-30 10:48:54pm Success Message from +254700543745